测速日志 2026-06-27 08:24:15
速度阈值: 140KB/s
去重功能: 已启用
EPG源: https://gh-proxy.com/https://raw.githubusercontent.com/adminouyang/231006/refs/heads/main/py/TV/EPG/epg.xml
[2026-06-27 08:25:02] ⚠️ 仅读取 9.2KB 数据: http://kakaxi.indevs.in/Disclaimer.mp4
[2026-06-27 08:25:02] ✅ 测速成功: http://kakaxi.indevs.in/Disclaimer.mp4
   速度: 9159.18KB/s > 140KB/s | 数据量: 9.2KB | 总耗时: 0.29s
[2026-06-27 08:25:02] ⚠️ 仅读取 9.9KB 数据: http://182.61.15.47:80/608807420
[2026-06-27 08:25:02] ⚠️ 速度不足: http://182.61.15.47:80/608807420
   速度: 26.19KB/s <= 140KB/s | 数据量: 9.9KB | 总耗时: 0.76s
[2026-06-27 08:25:12] ❌ 测速失败: http://gslbmgsplive.miguvideo.com/wd_r2/cctv/cctv1hd/1200/index.m3u8?msisdn=88b96ca8fd83074b19f954560b996b63&mdspid=&spid=699004&netType=0&sid=2201057821&pid=2028597139&timestamp=20260627032026&Channel_ID=0116_2600034600-99000-201600010010028&ProgramID=608807420&ParentNodeID=-99&assertID=2201057821&client_ip=39.98.78.225&SecurityKey=20260627032026&promotionId=&mvid=2201057821&mcid=500020&playurlVersion=WX-A1-9.6.1.2-RELEASE&userid=&jmhm=&videocodec=h264&appCode=miguvideo_android&bean=mgspad&tid=android&conFee=0&puData=4d5cb2d5ad3fd660e5ba4f501537d87e&ddCalcu=e47dv85adcy7ba325d150a5df34fadb656e0&sv=10004&ct=android
   错误: HTTPConnectionPool(host='gslbmgsplive.miguvideo.com', port=80): Max retries exceeded with url: /wd_r2/cctv/cctv1hd/1200/index.m3u8?msisdn=88b96ca8fd83074b19f954560b996b63&mdspid=&spid=699004&netType=0&sid=2201057821&pid=2028597139&timestamp=20260627032026&Channel_ID=0116_2600034600-99000-201600010010028&ProgramID=608807420&ParentNodeID=-99&assertID=2201057821&client_ip=39.98.78.225&SecurityKey=20260627032026&promotionId=&mvid=2201057821&mcid=500020&playurlVersion=WX-A1-9.6.1.2-RELEASE&userid=&jmhm=&videocodec=h264&appCode=miguvideo_android&bean=mgspad&tid=android&conFee=0&puData=4d5cb2d5ad3fd660e5ba4f501537d87e&ddCalcu=e47dv85adcy7ba325d150a5df34fadb656e0&sv=10004&ct=android (Caused by NewConnectionError("HTTPConnection(host='gslbmgsplive.miguvideo.com', port=80): Failed to establish a new connection: [Errno 101] Network is unreachable")) | 域名: gslbmgsplive.miguvideo.com:80
[2026-06-27 08:25:12] ⚠️ 仅读取 0.1KB 数据: https://live.666666.zip/stream/25816724_sb2maw7iluj1ghr92sk5siud28tpimx0.m3u8
[2026-06-27 08:25:12] ⚠️ 速度不足: https://live.666666.zip/stream/25816724_sb2maw7iluj1ghr92sk5siud28tpimx0.m3u8
   速度: 137.70KB/s <= 140KB/s | 数据量: 0.1KB | 总耗时: 0.30s
[2026-06-27 08:25:13] ⚠️ 仅读取 0.4KB 数据: http://207.56.13.146:81/cdnlive/hnws.m3u8
[2026-06-27 08:25:13] ✅ 测速成功: http://207.56.13.146:81/cdnlive/hnws.m3u8
   速度: 382.81KB/s > 140KB/s | 数据量: 0.4KB | 总耗时: 0.51s
[2026-06-27 08:25:13] ⚠️ 仅读取 0.4KB 数据: http://204.12.221.218:8181/3m1080p/hnws.m3u8
[2026-06-27 08:25:13] ✅ 测速成功: http://204.12.221.218:8181/3m1080p/hnws.m3u8
   速度: 391.60KB/s > 140KB/s | 数据量: 0.4KB | 总耗时: 0.23s
[2026-06-27 08:25:14] ⚠️ 仅读取 0.3KB 数据: http://ali-m-l.cztv.com/channels/lantian/channel21/1080p.m3u8
[2026-06-27 08:25:14] ✅ 测速成功: http://ali-m-l.cztv.com/channels/lantian/channel21/1080p.m3u8
   速度: 291.99KB/s > 140KB/s | 数据量: 0.3KB | 总耗时: 1.03s
[2026-06-27 08:25:15] ⚠️ 仅读取 0.3KB 数据: https://ali-m-l.cztv.com/channels/lantian/channel001/1080p.m3u8
[2026-06-27 08:25:15] ✅ 测速成功: https://ali-m-l.cztv.com/channels/lantian/channel001/1080p.m3u8
   速度: 291.99KB/s > 140KB/s | 数据量: 0.3KB | 总耗时: 0.74s
[2026-06-27 08:25:17] ⚠️ 仅读取 0.5KB 数据: https://srs.iyb983.cn:443/video/CYS/index.m3u8
[2026-06-27 08:25:17] ✅ 测速成功: https://srs.iyb983.cn:443/video/CYS/index.m3u8
   速度: 515.62KB/s > 140KB/s | 数据量: 0.5KB | 总耗时: 2.24s
[2026-06-27 08:25:17] ⚠️ 仅读取 0.3KB 数据: http://cdn6.163189.xyz/163189/fhzw
[2026-06-27 08:25:17] ✅ 测速成功: http://cdn6.163189.xyz/163189/fhzw
   速度: 294.92KB/s > 140KB/s | 数据量: 0.3KB | 总耗时: 0.20s
[2026-06-27 08:25:17] ⚠️ 仅读取 0.3KB 数据: https://cdn6.163189.xyz/163189/fhzw
[2026-06-27 08:25:17] ✅ 测速成功: https://cdn6.163189.xyz/163189/fhzw
   速度: 294.92KB/s > 140KB/s | 数据量: 0.3KB | 总耗时: 0.03s
[2026-06-27 08:25:18] ⚠️ 仅读取 1.4KB 数据: http://push.cdn1.hls123.de:8080/streams/a4y2t99pzyi/index.m3u8
[2026-06-27 08:25:18] ✅ 测速成功: http://push.cdn1.hls123.de:8080/streams/a4y2t99pzyi/index.m3u8
   速度: 1361.33KB/s > 140KB/s | 数据量: 1.4KB | 总耗时: 0.52s
[2026-06-27 08:25:19] ✅ 测速成功: http://124.244.129.167:9004/0.ts
   速度: 156.14KB/s > 140KB/s | 数据量: 104.0KB | 总耗时: 1.03s
[2026-06-27 08:25:19] ⚠️ 仅读取 0.2KB 数据: http://o11.163189.xyz/stream/tvb/fct/
[2026-06-27 08:25:19] ✅ 测速成功: http://o11.163189.xyz/stream/tvb/fct/
   速度: 223.63KB/s > 140KB/s | 数据量: 0.2KB | 总耗时: 0.21s
[2026-06-27 08:25:21] ✅ 测速成功: http://qingyi.7766.org:9004/0.ts
   速度: 205.30KB/s > 140KB/s | 数据量: 104.0KB | 总耗时: 1.60s
[2026-06-27 08:25:21] ⚠️ 仅读取 4.4KB 数据: http://mytv.cdn.loc.cc/o12.php?id=fct
[2026-06-27 08:25:21] ✅ 测速成功: http://mytv.cdn.loc.cc/o12.php?id=fct
   速度: 4366.21KB/s > 140KB/s | 数据量: 4.4KB | 总耗时: 0.63s
[2026-06-27 08:25:21] ⚠️ 仅读取 4.4KB 数据: https://mytv.cdn.loc.cc/o12.php?id=mzt
[2026-06-27 08:25:21] ✅ 测速成功: https://mytv.cdn.loc.cc/o12.php?id=mzt
   速度: 4366.21KB/s > 140KB/s | 数据量: 4.4KB | 总耗时: 0.03s
[2026-06-27 08:25:21] ⚠️ 仅读取 0.2KB 数据: https://o11.163189.xyz/stream/tvb/tvbp/
[2026-06-27 08:25:21] ✅ 测速成功: https://o11.163189.xyz/stream/tvb/tvbp/
   速度: 223.63KB/s > 140KB/s | 数据量: 0.2KB | 总耗时: 0.04s
[2026-06-27 08:25:24] ⚠️ 仅读取 0.0KB 数据: http://feilong123.vip/409990236/iptv/gdy.php?id=1
[2026-06-27 08:25:24] ⚠️ 速度不足: http://feilong123.vip/409990236/iptv/gdy.php?id=1
   速度: 0.00KB/s <= 140KB/s | 数据量: 0.0KB | 总耗时: 2.21s
[2026-06-27 08:25:24] ❌ 测速失败: https://live.ottiptv.cc/douyu/4549169
   错误: HTTPSConnectionPool(host='live.ottiptv.cc', port=443): Max retries exceeded with url: /douyu/4549169 (Caused by NewConnectionError("HTTPSConnection(host='live.ottiptv.cc', port=443): Failed to establish a new connection: [Errno 101] Network is unreachable")) | 域名: live.ottiptv.cc:443
[2026-06-27 08:25:24] ⚠️ 仅读取 0.2KB 数据: http://112.27.235.94:8000/hls/1/index.m3u8
[2026-06-27 08:25:24] ✅ 测速成功: http://112.27.235.94:8000/hls/1/index.m3u8
   速度: 240.23KB/s > 140KB/s | 数据量: 0.2KB | 总耗时: 0.30s
[2026-06-27 08:25:25] ⚠️ 仅读取 0.2KB 数据: https://global.cgtn.cicc.media.caton.cloud/master/cgtn-america.m3u8
[2026-06-27 08:25:25] ✅ 测速成功: https://global.cgtn.cicc.media.caton.cloud/master/cgtn-america.m3u8
   速度: 221.68KB/s > 140KB/s | 数据量: 0.2KB | 总耗时: 0.59s
[2026-06-27 08:25:26] ⚠️ 仅读取 0.2KB 数据: http://cssbyd.imwork.net:8082/hls/6/index.m3u8
[2026-06-27 08:25:26] ✅ 测速成功: http://cssbyd.imwork.net:8082/hls/6/index.m3u8
   速度: 234.38KB/s > 140KB/s | 数据量: 0.2KB | 总耗时: 1.35s
[2026-06-27 08:25:26] ⚠️ 仅读取 0.4KB 数据: http://124.165.251.82:85/tsfile/live/0008_1.m3u8?key=txiptv&playlive=1&authid=0
[2026-06-27 08:25:26] ✅ 测速成功: http://124.165.251.82:85/tsfile/live/0008_1.m3u8?key=txiptv&playlive=1&authid=0
   速度: 418.95KB/s > 140KB/s | 数据量: 0.4KB | 总耗时: 0.41s
[2026-06-27 08:25:27] ⚠️ 仅读取 0.1KB 数据: https://epg.pw/stream/25677ac2e8c1f7c3dd6359c43eb5f0f54efb3f5c11f9dda18d01b3e0308ed017.m3u8
[2026-06-27 08:25:27] ⚠️ 速度不足: https://epg.pw/stream/25677ac2e8c1f7c3dd6359c43eb5f0f54efb3f5c11f9dda18d01b3e0308ed017.m3u8
   速度: 124.02KB/s <= 140KB/s | 数据量: 0.1KB | 总耗时: 0.21s
[2026-06-27 08:25:27] ⚠️ 仅读取 0.1KB 数据: https://0472.org/hls/cgtn.m3u8
[2026-06-27 08:25:27] ⚠️ 速度不足: https://0472.org/hls/cgtn.m3u8
   速度: 125.98KB/s <= 140KB/s | 数据量: 0.1KB | 总耗时: 0.19s
[2026-06-27 08:25:28] ⚠️ 仅读取 0.4KB 数据: http://english-livetx.cgtn.com/hls/yypdyyctzb_hd.m3u8
[2026-06-27 08:25:28] ✅ 测速成功: http://english-livetx.cgtn.com/hls/yypdyyctzb_hd.m3u8
   速度: 402.34KB/s > 140KB/s | 数据量: 0.4KB | 总耗时: 0.99s
[2026-06-27 08:25:28] ⚠️ 仅读取 0.4KB 数据: http://russian-livews.cgtn.com/hls/LSvexABhNipibK5KRuUkvHZ7220802LSTeze9o8tdFXMHsb1VosgoT220802cd.m3u8
[2026-06-27 08:25:28] ✅ 测速成功: http://russian-livews.cgtn.com/hls/LSvexABhNipibK5KRuUkvHZ7220802LSTeze9o8tdFXMHsb1VosgoT220802cd.m3u8
   速度: 425.78KB/s > 140KB/s | 数据量: 0.4KB | 总耗时: 0.49s
[2026-06-27 08:25:29] ⚠️ 仅读取 0.4KB 数据: http://espanol-liveali.cgtn.com/hls/LSveOGBaBw41Ea7ukkVAUdKQ220802LSTexu6xAuFH8VZNBLE1ZNEa220802cd.m3u8
[2026-06-27 08:25:29] ✅ 测速成功: http://espanol-liveali.cgtn.com/hls/LSveOGBaBw41Ea7ukkVAUdKQ220802LSTexu6xAuFH8VZNBLE1ZNEa220802cd.m3u8
   速度: 428.71KB/s > 140KB/s | 数据量: 0.4KB | 总耗时: 0.59s
[2026-06-27 08:25:32] ⚠️ 仅读取 0.4KB 数据: https://gcwbndali.v.myalicdn.com/gcwbnd/ipanda1000_2/index.m3u8
[2026-06-27 08:25:32] ✅ 测速成功: https://gcwbndali.v.myalicdn.com/gcwbnd/ipanda1000_2/index.m3u8
   速度: 382.81KB/s > 140KB/s | 数据量: 0.4KB | 总耗时: 2.99s
[2026-06-27 08:25:33] ✅ 测速成功: https://vd2.bdstatic.com/mda-sctj0f6r4u1bpebc/1080p/cae_h264/1774706523506678171/mda-sctj0f6r4u1bpebc.mp4
   速度: 1203.79KB/s > 140KB/s | 数据量: 104.0KB | 总耗时: 0.93s
[2026-06-27 08:25:34] ⚠️ 仅读取 0.3KB 数据: http://satellitepull.cnr.cn/live/wxbtv/playlist.m3u8
[2026-06-27 08:25:34] ✅ 测速成功: http://satellitepull.cnr.cn/live/wxbtv/playlist.m3u8
   速度: 253.91KB/s > 140KB/s | 数据量: 0.3KB | 总耗时: 1.04s
[2026-06-27 08:25:35] ⚠️ 仅读取 0.8KB 数据: http://bp-resource-dfl.bestv.cn/155/3/video.m3u8
[2026-06-27 08:25:35] ✅ 测速成功: http://bp-resource-dfl.bestv.cn/155/3/video.m3u8
   速度: 150.44KB/s > 140KB/s | 数据量: 0.8KB | 总耗时: 0.76s
[2026-06-27 08:25:37] ⚠️ 仅读取 0.5KB 数据: http://live.zohi.tv/video/s10001-fztv-3/index.m3u8
[2026-06-27 08:25:37] ✅ 测速成功: http://live.zohi.tv/video/s10001-fztv-3/index.m3u8
   速度: 498.05KB/s > 140KB/s | 数据量: 0.5KB | 总耗时: 1.94s
[2026-06-27 08:25:37] ✅ 测速成功: https://txmov2.a.kwimgs.com/upic/2023/01/26/09/BMjAyMzAxMjYwOTE3NDVfNzM5MzQzNzIyXzk0NjI1OTUwNTA3XzBfMw==_b_B81ddda927d33445d544befd008e60109.mp4
   速度: 1278.19KB/s > 140KB/s | 数据量: 104.0KB | 总耗时: 0.61s
[2026-06-27 08:25:37] ⚠️ 仅读取 0.4KB 数据: http://38.64.72.148:80/hls/modn/list/4009/chunklist0.m3u8
[2026-06-27 08:25:37] ✅ 测速成功: http://38.64.72.148:80/hls/modn/list/4009/chunklist0.m3u8
   速度: 397.46KB/s > 140KB/s | 数据量: 0.4KB | 总耗时: 0.02s
[2026-06-27 08:25:38] ⚠️ 仅读取 0.1KB 数据: http://antvlive.ab5c6921.cdnviet.com/antv/playlist.m3u8
[2026-06-27 08:25:38] ⚠️ 速度不足: http://antvlive.ab5c6921.cdnviet.com/antv/playlist.m3u8
   速度: 123.05KB/s <= 140KB/s | 数据量: 0.1KB | 总耗时: 1.00s
[2026-06-27 08:25:39] ⚠️ 仅读取 0.3KB 数据: http://218.84.12.186:8001/hls/main/playlist.m3u8?zxinjd;http://218.84.12.186:8001/hls/main/playlist.m3u8zxinjd
[2026-06-27 08:25:39] ✅ 测速成功: http://218.84.12.186:8001/hls/main/playlist.m3u8?zxinjd;http://218.84.12.186:8001/hls/main/playlist.m3u8zxinjd
   速度: 325.20KB/s > 140KB/s | 数据量: 0.3KB | 总耗时: 0.52s
[2026-06-27 08:25:45] ⚠️ 仅读取 0.3KB 数据: http://l.cztvcloud.com/channels/lantian/SXxinchang2/720p.m3u8
[2026-06-27 08:25:45] ✅ 测速成功: http://l.cztvcloud.com/channels/lantian/SXxinchang2/720p.m3u8
   速度: 284.18KB/s > 140KB/s | 数据量: 0.3KB | 总耗时: 6.01s
[2026-06-27 08:25:46] ⚠️ 仅读取 0.3KB 数据: http://ali-vl.cztv.com/channels/lantian/channel001/360p.m3u8
[2026-06-27 08:25:46] ✅ 测速成功: http://ali-vl.cztv.com/channels/lantian/channel001/360p.m3u8
   速度: 286.13KB/s > 140KB/s | 数据量: 0.3KB | 总耗时: 1.56s
[2026-06-27 08:25:47] ⚠️ 仅读取 0.3KB 数据: http://ali-xwl.cztv.com/live/channel011080Plxw.m3u8
[2026-06-27 08:25:47] ✅ 测速成功: http://ali-xwl.cztv.com/live/channel011080Plxw.m3u8
   速度: 345.70KB/s > 140KB/s | 数据量: 0.3KB | 总耗时: 0.71s
[2026-06-27 08:25:48] ⚠️ 仅读取 0.3KB 数据: https://liveout.xntv.tv/a65jur/96iln2.m3u8
[2026-06-27 08:25:48] ✅ 测速成功: https://liveout.xntv.tv/a65jur/96iln2.m3u8
   速度: 265.62KB/s > 140KB/s | 数据量: 0.3KB | 总耗时: 1.39s
[2026-06-27 08:25:49] ⚠️ 仅读取 0.1KB 数据: http://222.128.55.152:9080/live/dwq.m3u8
[2026-06-27 08:25:49] ⚠️ 速度不足: http://222.128.55.152:9080/live/dwq.m3u8
   速度: 0.43KB/s <= 140KB/s | 数据量: 0.1KB | 总耗时: 0.61s
[2026-06-27 08:25:50] ⚠️ 仅读取 0.2KB 数据: https://test1.live.sdetv.com.cn/live/dianshizhibo/playlist.m3u8
[2026-06-27 08:25:50] ✅ 测速成功: https://test1.live.sdetv.com.cn/live/dianshizhibo/playlist.m3u8
   速度: 207.03KB/s > 140KB/s | 数据量: 0.2KB | 总耗时: 1.35s
[2026-06-27 08:25:51] ⚠️ 仅读取 0.6KB 数据: https://5ddce30eb4b55.streamlock.net/bltvhd/bltv1/chunklist_w511254805.m3u8
[2026-06-27 08:25:51] ✅ 测速成功: https://5ddce30eb4b55.streamlock.net/bltvhd/bltv1/chunklist_w511254805.m3u8
   速度: 574.22KB/s > 140KB/s | 数据量: 0.6KB | 总耗时: 0.61s
[2026-06-27 08:25:52] ⚠️ 仅读取 0.8KB 数据: https://bp-resource-dfl.bestv.cn/148/3/video.m3u8
[2026-06-27 08:25:52] ✅ 测速成功: https://bp-resource-dfl.bestv.cn/148/3/video.m3u8
   速度: 832.03KB/s > 140KB/s | 数据量: 0.8KB | 总耗时: 0.73s
[2026-06-27 08:25:54] ⚠️ 仅读取 0.4KB 数据: https://tylive.kan0512.com/norecord/csztv4k_4k.m3u8
[2026-06-27 08:25:54] ✅ 测速成功: https://tylive.kan0512.com/norecord/csztv4k_4k.m3u8
   速度: 377.93KB/s > 140KB/s | 数据量: 0.4KB | 总耗时: 2.59s
[2026-06-27 08:25:56] ⚠️ 仅读取 0.4KB 数据: https://vip.ffzy-play.com/20221018/1953_2d6ba500/index.m3u8
[2026-06-27 08:25:56] ✅ 测速成功: https://vip.ffzy-play.com/20221018/1953_2d6ba500/index.m3u8
   速度: 398.44KB/s > 140KB/s | 数据量: 0.4KB | 总耗时: 2.03s
[2026-06-27 08:25:59] ⚠️ 仅读取 0.4KB 数据: https://vip.ffzy-play7.com/20230112/11082_fde1a94d/index.m3u8
[2026-06-27 08:25:59] ✅ 测速成功: https://vip.ffzy-play7.com/20230112/11082_fde1a94d/index.m3u8
   速度: 398.44KB/s > 140KB/s | 数据量: 0.4KB | 总耗时: 2.23s
[2026-06-27 08:26:00] ⚠️ 仅读取 61.4KB 数据: http://jsmov2.a.yximgs.com/bs3/video-hls/5250634317044855747_hlsb.m3u8
[2026-06-27 08:26:00] ✅ 测速成功: http://jsmov2.a.yximgs.com/bs3/video-hls/5250634317044855747_hlsb.m3u8
   速度: 293.01KB/s > 140KB/s | 数据量: 61.4KB | 总耗时: 1.65s
[2026-06-27 08:26:03] ✅ 测速成功: http://www.goodiptv.club/douyu/74374
   速度: 480.70KB/s > 140KB/s | 数据量: 104.0KB | 总耗时: 2.29s
[2026-06-27 08:26:04] ⚠️ 仅读取 0.2KB 数据: http://hls.nntv.cn/nnlive/YSYL_244.m3u8
[2026-06-27 08:26:04] ✅ 测速成功: http://hls.nntv.cn/nnlive/YSYL_244.m3u8
   速度: 232.42KB/s > 140KB/s | 数据量: 0.2KB | 总耗时: 1.80s
[2026-06-27 08:26:05] ⚠️ 仅读取 0.4KB 数据: http://stream.hrbtv.net/yspd/sd/live.m3u8?zheild
[2026-06-27 08:26:05] ✅ 测速成功: http://stream.hrbtv.net/yspd/sd/live.m3u8?zheild
   速度: 355.47KB/s > 140KB/s | 数据量: 0.4KB | 总耗时: 0.63s
[2026-06-27 08:26:07] ⚠️ 仅读取 0.4KB 数据: https://vip.ffzy-play6.com/20221019/157_bf0740ee/index.m3u8
[2026-06-27 08:26:07] ✅ 测速成功: https://vip.ffzy-play6.com/20221019/157_bf0740ee/index.m3u8
   速度: 398.44KB/s > 140KB/s | 数据量: 0.4KB | 总耗时: 2.25s
[2026-06-27 08:26:09] ⚠️ 仅读取 0.4KB 数据: https://vip.ffzy-play1.com/20221018/478_c3afed66/index.m3u8
[2026-06-27 08:26:09] ✅ 测速成功: https://vip.ffzy-play1.com/20221018/478_c3afed66/index.m3u8
   速度: 398.44KB/s > 140KB/s | 数据量: 0.4KB | 总耗时: 2.01s
[2026-06-27 08:26:11] ⚠️ 仅读取 0.4KB 数据: https://vip.ffzy-online.com/20221015/719_80ff87c2/index.m3u8
[2026-06-27 08:26:11] ✅ 测速成功: https://vip.ffzy-online.com/20221015/719_80ff87c2/index.m3u8
   速度: 398.44KB/s > 140KB/s | 数据量: 0.4KB | 总耗时: 2.06s
[2026-06-27 08:26:13] ✅ 测速成功: http://live.metshop.top/huya/880261?cdn=alicdn
   速度: 998.69KB/s > 140KB/s | 数据量: 104.0KB | 总耗时: 1.37s
[2026-06-27 08:26:15] ✅ 测速成功: http://zjrtv.vip/live/?tbs=mydy
   速度: 145.29KB/s > 140KB/s | 数据量: 104.0KB | 总耗时: 1.88s
[2026-06-27 08:26:15] ⚠️ 仅读取 0.6KB 数据: https://stream.ads.ottera.tv/playlist.m3u8?network_id=595
[2026-06-27 08:26:15] ✅ 测速成功: https://stream.ads.ottera.tv/playlist.m3u8?network_id=595
   速度: 636.72KB/s > 140KB/s | 数据量: 0.6KB | 总耗时: 0.33s
[2026-06-27 08:26:16] ⚠️ 仅读取 0.3KB 数据: https://tencentplay.gztv.com/live/nanguodushi.m3u8?txSecret=550af55c0ea34ce492748481415b6dfa&txTime=1903e7b17de
[2026-06-27 08:26:16] ✅ 测速成功: https://tencentplay.gztv.com/live/nanguodushi.m3u8?txSecret=550af55c0ea34ce492748481415b6dfa&txTime=1903e7b17de
   速度: 300.78KB/s > 140KB/s | 数据量: 0.3KB | 总耗时: 1.35s
[2026-06-27 08:26:17] ✅ 测速成功: https://live.metshop.top/huya/11601966
   速度: 4275.96KB/s > 140KB/s | 数据量: 104.0KB | 总耗时: 0.88s
[2026-06-27 08:26:18] ⚠️ 仅读取 0.1KB 数据: http://ebsonairios.ebs.co.kr/ebsutablet500k/tablet500k/playlist.m3u8
[2026-06-27 08:26:18] ⚠️ 速度不足: http://ebsonairios.ebs.co.kr/ebsutablet500k/tablet500k/playlist.m3u8
   速度: 122.07KB/s <= 140KB/s | 数据量: 0.1KB | 总耗时: 0.85s
[2026-06-27 08:26:19] ⚠️ 仅读取 0.8KB 数据: https://ls.qingting.fm/live/4972/64k.m3u8
[2026-06-27 08:26:19] ✅ 测速成功: https://ls.qingting.fm/live/4972/64k.m3u8
   速度: 762.70KB/s > 140KB/s | 数据量: 0.8KB | 总耗时: 1.34s
[2026-06-27 08:26:22] ⚠️ 仅读取 0.5KB 数据: http://live.qthnews.org.cn:1935/live/live1/800k/tzwj_video.m3u8
[2026-06-27 08:26:22] ⚠️ 速度不足: http://live.qthnews.org.cn:1935/live/live1/800k/tzwj_video.m3u8
   速度: 2.20KB/s <= 140KB/s | 数据量: 0.5KB | 总耗时: 2.46s
[2026-06-27 08:26:23] ⚠️ 仅读取 0.8KB 数据: http://ls.qingting.fm/live/4885.m3u8
[2026-06-27 08:26:23] ✅ 测速成功: http://ls.qingting.fm/live/4885.m3u8
   速度: 778.32KB/s > 140KB/s | 数据量: 0.8KB | 总耗时: 1.21s
[2026-06-27 08:26:24] ⚠️ 仅读取 0.3KB 数据: https://satellitepull.cnr.cn/live/wx32dycjgb/playlist.m3u8
[2026-06-27 08:26:24] ✅ 测速成功: https://satellitepull.cnr.cn/live/wx32dycjgb/playlist.m3u8
   速度: 317.38KB/s > 140KB/s | 数据量: 0.3KB | 总耗时: 1.11s
[2026-06-27 08:26:26] ⚠️ 仅读取 0.4KB 数据: https://stream.sun0769.com/dgrtv1/mp4tv1_800/index.m3u8
[2026-06-27 08:26:26] ✅ 测速成功: https://stream.sun0769.com/dgrtv1/mp4tv1_800/index.m3u8
   速度: 369.14KB/s > 140KB/s | 数据量: 0.4KB | 总耗时: 1.79s
[2026-06-27 08:26:26] ⚠️ 仅读取 0.3KB 数据: http://175.155.106.72:89/live1/live1.m3u8
[2026-06-27 08:26:26] ✅ 测速成功: http://175.155.106.72:89/live1/live1.m3u8
   速度: 266.60KB/s > 140KB/s | 数据量: 0.3KB | 总耗时: 0.42s
[2026-06-27 08:26:27] ⚠️ 仅读取 0.4KB 数据: http://stream10.jlntv.cn/jiutaitv/sd/live.m3u8
[2026-06-27 08:26:27] ✅ 测速成功: http://stream10.jlntv.cn/jiutaitv/sd/live.m3u8
   速度: 375.00KB/s > 140KB/s | 数据量: 0.4KB | 总耗时: 0.70s
[2026-06-27 08:26:28] ⚠️ 仅读取 0.3KB 数据: https://hwapi.yntv.net/ew265l/z1z6s5.m3u8
[2026-06-27 08:26:28] ✅ 测速成功: https://hwapi.yntv.net/ew265l/z1z6s5.m3u8
   速度: 266.60KB/s > 140KB/s | 数据量: 0.3KB | 总耗时: 1.45s
[2026-06-27 08:26:30] ⚠️ 仅读取 0.2KB 数据: http://live.zzyxxw.com:85/live/xwzh.m3u8
[2026-06-27 08:26:30] ⚠️ 速度不足: http://live.zzyxxw.com:85/live/xwzh.m3u8
   速度: 1.08KB/s <= 140KB/s | 数据量: 0.2KB | 总耗时: 1.44s
[2026-06-27 08:26:32] ⚠️ 仅读取 0.3KB 数据: http://tvfile.jyrmt.cn/nmip-media/channellive/channel104452/playlist.m3u8
[2026-06-27 08:26:32] ✅ 测速成功: http://tvfile.jyrmt.cn/nmip-media/channellive/channel104452/playlist.m3u8
   速度: 259.77KB/s > 140KB/s | 数据量: 0.3KB | 总耗时: 2.17s
[2026-06-27 08:26:33] ⚠️ 仅读取 0.2KB 数据: http://zbbf2.ahbztv.com/live/418.m3u8
[2026-06-27 08:26:33] ✅ 测速成功: http://zbbf2.ahbztv.com/live/418.m3u8
   速度: 240.23KB/s > 140KB/s | 数据量: 0.2KB | 总耗时: 1.34s
[2026-06-27 08:26:35] ⚠️ 仅读取 0.8KB 数据: https://play.scrstv.com.cn/DT/live.m3u8?auth_key=60001724663204-0-0-c1cc4ded9841ac34f63cdbd3aec647ef
[2026-06-27 08:26:35] ✅ 测速成功: https://play.scrstv.com.cn/DT/live.m3u8?auth_key=60001724663204-0-0-c1cc4ded9841ac34f63cdbd3aec647ef
   速度: 761.72KB/s > 140KB/s | 数据量: 0.8KB | 总耗时: 1.59s
[2026-06-27 08:26:37] ⚠️ 仅读取 0.5KB 数据: https://jwcdnqx.hebyun.com.cn/live/rqtv1/1500k/tzwj_video.m3u8
[2026-06-27 08:26:37] ✅ 测速成功: https://jwcdnqx.hebyun.com.cn/live/rqtv1/1500k/tzwj_video.m3u8
   速度: 500.98KB/s > 140KB/s | 数据量: 0.5KB | 总耗时: 1.55s
[2026-06-27 08:26:37] ⚠️ 仅读取 0.1KB 数据: http://110.153.180.106:55555/out_3/index.m3u8
[2026-06-27 08:26:37] ⚠️ 速度不足: http://110.153.180.106:55555/out_3/index.m3u8
   速度: 79.10KB/s <= 140KB/s | 数据量: 0.1KB | 总耗时: 0.55s
[2026-06-27 08:26:38] ⚠️ 仅读取 0.3KB 数据: https://l.cztvcloud.com/channels/lantian/SXyuyao3/720p.m3u8
[2026-06-27 08:26:38] ✅ 测速成功: https://l.cztvcloud.com/channels/lantian/SXyuyao3/720p.m3u8
   速度: 292.97KB/s > 140KB/s | 数据量: 0.3KB | 总耗时: 1.18s
[2026-06-27 08:26:41] ⚠️ 仅读取 0.3KB 数据: http://liveout.btzx.com.cn/62ds9e/4nxdih.m3u8?fbl=
[2026-06-27 08:26:41] ✅ 测速成功: http://liveout.btzx.com.cn/62ds9e/4nxdih.m3u8?fbl=
   速度: 265.62KB/s > 140KB/s | 数据量: 0.3KB | 总耗时: 2.45s
[2026-06-27 08:26:42] ⚠️ 仅读取 0.3KB 数据: https://m3u8.channel.dzsm.com/nmip-media/channellive/channel105549/playlist.m3u8
[2026-06-27 08:26:42] ✅ 测速成功: https://m3u8.channel.dzsm.com/nmip-media/channellive/channel105549/playlist.m3u8
   速度: 271.48KB/s > 140KB/s | 数据量: 0.3KB | 总耗时: 1.28s
[2026-06-27 08:26:43] ⚠️ 仅读取 0.6KB 数据: http://nklive.nbs.cn/hls/75b3c462-b831-4de7-a34b-5d3221db2069/index.m3u8
[2026-06-27 08:26:43] ✅ 测速成功: http://nklive.nbs.cn/hls/75b3c462-b831-4de7-a34b-5d3221db2069/index.m3u8
   速度: 559.57KB/s > 140KB/s | 数据量: 0.6KB | 总耗时: 0.89s
[2026-06-27 08:26:44] ⚠️ 仅读取 0.3KB 数据: http://tencentplay.gztv.com/live/nanguodushi.m3u8?txSecret=140110ae3d6c936a77f94c4f4d85b0d3&txTime=18d57929bd4
[2026-06-27 08:26:44] ✅ 测速成功: http://tencentplay.gztv.com/live/nanguodushi.m3u8?txSecret=140110ae3d6c936a77f94c4f4d85b0d3&txTime=18d57929bd4
   速度: 300.78KB/s > 140KB/s | 数据量: 0.3KB | 总耗时: 0.75s
[2026-06-27 08:26:45] ⚠️ 仅读取 0.3KB 数据: http://615bbf179ba53515dccad7b1da5d1ad9.livehwc3.cn/hls.nntv.cn/nnlive/WLSH_24.m3u8?sub_m3u8=true&edge_slice=true&user_session_id=2598844eaee8a4265e706fc14b3fc11d
[2026-06-27 08:26:45] ✅ 测速成功: http://615bbf179ba53515dccad7b1da5d1ad9.livehwc3.cn/hls.nntv.cn/nnlive/WLSH_24.m3u8?sub_m3u8=true&edge_slice=true&user_session_id=2598844eaee8a4265e706fc14b3fc11d
   速度: 268.55KB/s > 140KB/s | 数据量: 0.3KB | 总耗时: 1.09s
[2026-06-27 08:26:46] ⚠️ 仅读取 0.2KB 数据: http://jrlive.jrntv.com/live/_definst_/dangjians/playlist.m3u8?%E5%85%B3%E6%B3%A8%E5%BE%AE%E4%BF%A1%E5%85%AC%E4%BC%97%E5%8F%B7[%E6%99%B4%E5%9B%AD]
[2026-06-27 08:26:46] ⚠️ 速度不足: http://jrlive.jrntv.com/live/_definst_/dangjians/playlist.m3u8?%E5%85%B3%E6%B3%A8%E5%BE%AE%E4%BF%A1%E5%85%AC%E4%BC%97%E5%8F%B7[%E6%99%B4%E5%9B%AD]
   速度: 14.34KB/s <= 140KB/s | 数据量: 0.2KB | 总耗时: 1.17s
[2026-06-27 08:26:53] ⚠️ 仅读取 0.3KB 数据: http://file.loulannews.cn/nmip-media/channellive/channel103824/playlist.m3u8
[2026-06-27 08:26:53] ✅ 测速成功: http://file.loulannews.cn/nmip-media/channellive/channel103824/playlist.m3u8
   速度: 271.48KB/s > 140KB/s | 数据量: 0.3KB | 总耗时: 6.80s
[2026-06-27 08:26:59] ⚠️ 仅读取 0.3KB 数据: https://m3u8channel-bx.yunxya.com/nmip-media/channellive/channel104666/playlist.m3u8
[2026-06-27 08:26:59] ✅ 测速成功: https://m3u8channel-bx.yunxya.com/nmip-media/channellive/channel104666/playlist.m3u8
   速度: 271.48KB/s > 140KB/s | 数据量: 0.3KB | 总耗时: 6.31s
[2026-06-27 08:27:00] ⚠️ 仅读取 0.4KB 数据: https://stream.hrbtv.net/ylpd/sd/live.m3u8
[2026-06-27 08:27:00] ✅ 测速成功: https://stream.hrbtv.net/ylpd/sd/live.m3u8
   速度: 370.12KB/s > 140KB/s | 数据量: 0.4KB | 总耗时: 1.06s
[2026-06-27 08:27:01] ⚠️ 仅读取 0.2KB 数据: http://play.kankanlive.com/live/1720583434627241.m3u8
[2026-06-27 08:27:01] ✅ 测速成功: http://play.kankanlive.com/live/1720583434627241.m3u8
   速度: 249.02KB/s > 140KB/s | 数据量: 0.2KB | 总耗时: 1.40s
[2026-06-27 08:27:04] ⚠️ 仅读取 0.1KB 数据: http://live.daningtv.com/aac_dngb/playlist.m3u8
[2026-06-27 08:27:04] ⚠️ 速度不足: http://live.daningtv.com/aac_dngb/playlist.m3u8
   速度: 67.38KB/s <= 140KB/s | 数据量: 0.1KB | 总耗时: 2.85s
[2026-06-27 08:27:05] ⚠️ 仅读取 0.7KB 数据: https://p2.vzan.com/slowlive/596867413819827251/live.m3u8?zbid=1725814272&tpid=1516989100&type=0
[2026-06-27 08:27:05] ✅ 测速成功: https://p2.vzan.com/slowlive/596867413819827251/live.m3u8?zbid=1725814272&tpid=1516989100&type=0
   速度: 698.24KB/s > 140KB/s | 数据量: 0.7KB | 总耗时: 0.62s
[2026-06-27 08:27:08] ❌ 测速失败: http://tvfile.jjrm.org.cn/nmip-media/channellive/channel106282/playlist.m3u8?zsicd
   错误: HTTPConnectionPool(host='tvfile.jjrm.org.cn', port=80): Max retries exceeded with url: /nmip-media/channellive/channel106282/playlist.m3u8?zsicd (Caused by ConnectTimeoutError(<HTTPConnection(host='tvfile.jjrm.org.cn', port=80) at 0x7f5755f599a0>, 'Connection to tvfile.jjrm.org.cn timed out. (connect timeout=3.05)')) | 域名: tvfile.jjrm.org.cn:80
[2026-06-27 08:27:11] ⚠️ 仅读取 0.4KB 数据: http://lbyzztfe.live.sxmty.com/live/hls/645ff4c60e0a49f0a203abbd73dd8be9/0720e665f10f48e98c9639f4f492fb4a-1.m3u8?zshanxd
[2026-06-27 08:27:11] ✅ 测速成功: http://lbyzztfe.live.sxmty.com/live/hls/645ff4c60e0a49f0a203abbd73dd8be9/0720e665f10f48e98c9639f4f492fb4a-1.m3u8?zshanxd
   速度: 437.50KB/s > 140KB/s | 数据量: 0.4KB | 总耗时: 2.92s
[2026-06-27 08:27:12] ⚠️ 仅读取 0.3KB 数据: http://yixing-tv-ori-hls.jstv.com/yixing-tv-ori/yixing_xw.m3u8
[2026-06-27 08:27:12] ✅ 测速成功: http://yixing-tv-ori-hls.jstv.com/yixing-tv-ori/yixing_xw.m3u8
   速度: 257.81KB/s > 140KB/s | 数据量: 0.3KB | 总耗时: 0.36s
[2026-06-27 08:27:12] ⚠️ 仅读取 1.0KB 数据: http://play-sh13.quklive.com/live/1690167908295069.m3u8?auth_key=2027466211-f190eec410c24473825cbe1d8541e545-0-f21db57ae1b534802c1cf7be86cc3aef
[2026-06-27 08:27:12] ✅ 测速成功: http://play-sh13.quklive.com/live/1690167908295069.m3u8?auth_key=2027466211-f190eec410c24473825cbe1d8541e545-0-f21db57ae1b534802c1cf7be86cc3aef
   速度: 1012.70KB/s > 140KB/s | 数据量: 1.0KB | 总耗时: 0.77s
[2026-06-27 08:27:14] ⚠️ 仅读取 0.4KB 数据: https://tntgjhjb.live.sxmty.com/live/hls/3a4585ac11ec4e1bb07b419101b370c3/baf63e2b313440c2a25d7859f9b73b05-1.m3u8?zshanxd
[2026-06-27 08:27:14] ✅ 测速成功: https://tntgjhjb.live.sxmty.com/live/hls/3a4585ac11ec4e1bb07b419101b370c3/baf63e2b313440c2a25d7859f9b73b05-1.m3u8?zshanxd
   速度: 433.59KB/s > 140KB/s | 数据量: 0.4KB | 总耗时: 1.98s
[2026-06-27 08:27:20] ⚠️ 仅读取 0.3KB 数据: http://live1.gatv.com.cn:85/live/GGPD_ggpdzm.m3u8
[2026-06-27 08:27:20] ⚠️ 速度不足: http://live1.gatv.com.cn:85/live/GGPD_ggpdzm.m3u8
   速度: 0.48KB/s <= 140KB/s | 数据量: 0.3KB | 总耗时: 5.68s
[2026-06-27 08:27:26] ⚠️ 仅读取 0.3KB 数据: https://live.gdtv.ah.cn/live/newsTV.m3u8
[2026-06-27 08:27:26] ✅ 测速成功: https://live.gdtv.ah.cn/live/newsTV.m3u8
   速度: 333.98KB/s > 140KB/s | 数据量: 0.3KB | 总耗时: 5.77s
[2026-06-27 08:27:27] ⚠️ 仅读取 0.2KB 数据: https://hlscdn.liangtv.cn/live/0234c48e0bc24fe1b41b9999a253e581/1075ee38e04f490690f6a36a16e09c79.m3u8
[2026-06-27 08:27:27] ✅ 测速成功: https://hlscdn.liangtv.cn/live/0234c48e0bc24fe1b41b9999a253e581/1075ee38e04f490690f6a36a16e09c79.m3u8
   速度: 179.69KB/s > 140KB/s | 数据量: 0.2KB | 总耗时: 1.05s
[2026-06-27 08:27:28] ⚠️ 仅读取 0.1KB 数据: http://stream5.jlntv.cn/wq/playlist.m3u8
[2026-06-27 08:27:28] ⚠️ 速度不足: http://stream5.jlntv.cn/wq/playlist.m3u8
   速度: 91.80KB/s <= 140KB/s | 数据量: 0.1KB | 总耗时: 0.80s
[2026-06-27 08:27:29] ⚠️ 仅读取 0.2KB 数据: https://play.kankanlive.com/live/1720583434627241.m3u8
[2026-06-27 08:27:29] ✅ 测速成功: https://play.kankanlive.com/live/1720583434627241.m3u8
   速度: 250.00KB/s > 140KB/s | 数据量: 0.2KB | 总耗时: 0.86s
[2026-06-27 08:27:29] ⚠️ 仅读取 0.4KB 数据: http://stream11.jlntv.cn/dehuitv/sd/live.m3u8
[2026-06-27 08:27:29] ✅ 测速成功: http://stream11.jlntv.cn/dehuitv/sd/live.m3u8
   速度: 370.12KB/s > 140KB/s | 数据量: 0.4KB | 总耗时: 0.75s
[2026-06-27 08:27:30] ⚠️ 仅读取 0.1KB 数据: http://stream8.jlntv.cn/dhtv/playlist.m3u8
[2026-06-27 08:27:30] ⚠️ 速度不足: http://stream8.jlntv.cn/dhtv/playlist.m3u8
   速度: 91.80KB/s <= 140KB/s | 数据量: 0.1KB | 总耗时: 0.78s
[2026-06-27 08:27:31] ⚠️ 仅读取 0.4KB 数据: http://live.xysrmt.cn/xwzh/sd/live.m3u8?zjiangsd"
[2026-06-27 08:27:31] ✅ 测速成功: http://live.xysrmt.cn/xwzh/sd/live.m3u8?zjiangsd"
   速度: 371.09KB/s > 140KB/s | 数据量: 0.4KB | 总耗时: 1.06s
[2026-06-27 08:27:32] ⚠️ 仅读取 2.0KB 数据: http://tvpull.dxhmt.cn:9081/tv/11329-1.m3u8
[2026-06-27 08:27:32] ✅ 测速成功: http://tvpull.dxhmt.cn:9081/tv/11329-1.m3u8
   速度: 1972.66KB/s > 140KB/s | 数据量: 2.0KB | 总耗时: 0.37s
[2026-06-27 08:27:33] ⚠️ 仅读取 0.3KB 数据: https://m3u8channel.yunxya.com/nmip-media/channellive/channel100028/playlist.m3u8
[2026-06-27 08:27:33] ✅ 测速成功: https://m3u8channel.yunxya.com/nmip-media/channellive/channel100028/playlist.m3u8
   速度: 271.48KB/s > 140KB/s | 数据量: 0.3KB | 总耗时: 1.47s
[2026-06-27 08:27:35] ⚠️ 仅读取 7.6KB 数据: https://stream.thmz.com/wxtv2/playlist.m3u8
[2026-06-27 08:27:35] ✅ 测速成功: https://stream.thmz.com/wxtv2/playlist.m3u8
   速度: 7551.76KB/s > 140KB/s | 数据量: 7.6KB | 总耗时: 1.94s
[2026-06-27 08:27:36] ⚠️ 仅读取 7.6KB 数据: http://stream.thmz.com/wxtv2/playlist.m3u8?_upt=5ff4061f1706166872
[2026-06-27 08:27:36] ✅ 测速成功: http://stream.thmz.com/wxtv2/playlist.m3u8?_upt=5ff4061f1706166872
   速度: 7551.76KB/s > 140KB/s | 数据量: 7.6KB | 总耗时: 0.75s
[2026-06-27 08:27:37] ⚠️ 仅读取 0.3KB 数据: http://channel.wcrmt.cn:80/nmip-media/channellive/channel105268/playlist.m3u8
[2026-06-27 08:27:37] ✅ 测速成功: http://channel.wcrmt.cn:80/nmip-media/channellive/channel105268/playlist.m3u8
   速度: 265.62KB/s > 140KB/s | 数据量: 0.3KB | 总耗时: 1.04s
[2026-06-27 08:27:38] ⚠️ 仅读取 0.2KB 数据: http://live.spccmc.com:90/live/spxwzh.m3u8?%E5%85%B3%E6%B3%A8%E5%BE%AE%E4%BF%A1%E5%85%AC%E4%BC%97%E5%8F%B7[%E6%99%B4%E5%9B%AD]
[2026-06-27 08:27:38] ⚠️ 速度不足: http://live.spccmc.com:90/live/spxwzh.m3u8?%E5%85%B3%E6%B3%A8%E5%BE%AE%E4%BF%A1%E5%85%AC%E4%BC%97%E5%8F%B7[%E6%99%B4%E5%9B%AD]
   速度: 1.11KB/s <= 140KB/s | 数据量: 0.2KB | 总耗时: 1.48s
[2026-06-27 08:27:39] ⚠️ 仅读取 0.1KB 数据: http://zb.gxlbamc.com:1935/live/lbzh.stream/playlist.m3u8
[2026-06-27 08:27:39] ⚠️ 速度不足: http://zb.gxlbamc.com:1935/live/lbzh.stream/playlist.m3u8
   速度: 0.68KB/s <= 140KB/s | 数据量: 0.1KB | 总耗时: 1.04s
[2026-06-27 08:27:40] ⚠️ 仅读取 0.3KB 数据: https://dxtx.hntv.tv/live/lypd.m3u8?txSecret=10c771842a0be59e8b575d765173ec96&txTime=7B923E0A&wsSecret=41543190cdf375f1c73207222bb96542&wsTime=1769313549
[2026-06-27 08:27:40] ✅ 测速成功: https://dxtx.hntv.tv/live/lypd.m3u8?txSecret=10c771842a0be59e8b575d765173ec96&txTime=7B923E0A&wsSecret=41543190cdf375f1c73207222bb96542&wsTime=1769313549
   速度: 277.34KB/s > 140KB/s | 数据量: 0.3KB | 总耗时: 1.05s
[2026-06-27 08:27:42] ⚠️ 仅读取 0.2KB 数据: http://live.hyxrmt.com:85/live/xwpd.m3u8
[2026-06-27 08:27:42] ⚠️ 速度不足: http://live.hyxrmt.com:85/live/xwpd.m3u8
   速度: 1.22KB/s <= 140KB/s | 数据量: 0.2KB | 总耗时: 1.32s
[2026-06-27 08:27:44] ⚠️ 仅读取 0.3KB 数据: http://59.175.226.142:280/gb28181/xwzh.m3u8?zhubd
[2026-06-27 08:27:44] ⚠️ 速度不足: http://59.175.226.142:280/gb28181/xwzh.m3u8?zhubd
   速度: 0.35KB/s <= 140KB/s | 数据量: 0.3KB | 总耗时: 2.17s
[2026-06-27 08:27:45] ⚠️ 仅读取 0.2KB 数据: http://live.iwcmt.cn:90/live/zhxw.m3u8
[2026-06-27 08:27:45] ⚠️ 速度不足: http://live.iwcmt.cn:90/live/zhxw.m3u8
   速度: 1.26KB/s <= 140KB/s | 数据量: 0.2KB | 总耗时: 1.07s
[2026-06-27 08:27:46] ⚠️ 仅读取 0.3KB 数据: http://file.ysxtv.cn/cms/videos/nmip-media/channellive/channel4/playlist.m3u8?zsicd
[2026-06-27 08:27:46] ✅ 测速成功: http://file.ysxtv.cn/cms/videos/nmip-media/channellive/channel4/playlist.m3u8?zsicd
   速度: 265.62KB/s > 140KB/s | 数据量: 0.3KB | 总耗时: 1.13s
[2026-06-27 08:27:51] RTMP检测成功: rtmp://tv.mcrm.org.cn:1935/channellive/tv01
[2026-06-27 08:27:54] ⚠️ 仅读取 0.3KB 数据: https://radio.pull.hebtv.com/live/hebnczx.m3u8
[2026-06-27 08:27:54] ✅ 测速成功: https://radio.pull.hebtv.com/live/hebnczx.m3u8
   速度: 339.84KB/s > 140KB/s | 数据量: 0.3KB | 总耗时: 2.54s
[2026-06-27 08:27:57] ❌ 测速失败: http://live1.habctv.com/ggpdsl/sd/live.m3u8?zjiangsd
   错误: HTTPConnectionPool(host='live1.habctv.com', port=80): Max retries exceeded with url: /ggpdsl/sd/live.m3u8?zjiangsd (Caused by ConnectTimeoutError(<HTTPConnection(host='live1.habctv.com', port=80) at 0x7f5755f5cd60>, 'Connection to live1.habctv.com timed out. (connect timeout=3.05)')) | 域名: live1.habctv.com:80
[2026-06-27 08:27:58] ⚠️ 仅读取 0.0KB 数据: http://3739115337.cloudvdn.com/a.m3u8?domain=siyang-tv-hls.cm.jstv.com&player=nwEAAKHdjSKP_58X&secondToken=secondToken%3A5FUijZmDyNMxtCDdne0YzSAwjuw&streamid=siyang-tv%3Asiyang-tv%2Fsiyangzh&v3=1
[2026-06-27 08:27:58] ⚠️ 速度不足: http://3739115337.cloudvdn.com/a.m3u8?domain=siyang-tv-hls.cm.jstv.com&player=nwEAAKHdjSKP_58X&secondToken=secondToken%3A5FUijZmDyNMxtCDdne0YzSAwjuw&streamid=siyang-tv%3Asiyang-tv%2Fsiyangzh&v3=1
   速度: 37.11KB/s <= 140KB/s | 数据量: 0.0KB | 总耗时: 0.55s
[2026-06-27 08:28:01] ❌ 测速失败: http://lxfile.lxxcb.cn/nmip-media/channellive/channel103799/playlist.m3u8
   错误: HTTPConnectionPool(host='lxfile.lxxcb.cn', port=80): Max retries exceeded with url: /nmip-media/channellive/channel103799/playlist.m3u8 (Caused by NewConnectionError("HTTPConnection(host='lxfile.lxxcb.cn', port=80): Failed to establish a new connection: [Errno 101] Network is unreachable")) | 域名: lxfile.lxxcb.cn:80
[2026-06-27 08:28:03] ⚠️ 仅读取 0.3KB 数据: https://m3u8channel.ganzitv.com/nmip-media/channellive/channel1/playlist.m3u8
[2026-06-27 08:28:03] ✅ 测速成功: https://m3u8channel.ganzitv.com/nmip-media/channellive/channel1/playlist.m3u8
   速度: 271.48KB/s > 140KB/s | 数据量: 0.3KB | 总耗时: 1.84s
[2026-06-27 08:28:07] ⚠️ 仅读取 0.2KB 数据: http://play.jinnantv.top/live/JNTV1.m3u8?ztianjd
[2026-06-27 08:28:07] ✅ 测速成功: http://play.jinnantv.top/live/JNTV1.m3u8?ztianjd
   速度: 250.00KB/s > 140KB/s | 数据量: 0.2KB | 总耗时: 3.58s
[2026-06-27 08:28:09] ⚠️ 仅读取 0.7KB 数据: https://p2hs.vzan.com/slowlive/317913155078575177/live.m3u8
[2026-06-27 08:28:09] ✅ 测速成功: https://p2hs.vzan.com/slowlive/317913155078575177/live.m3u8
   速度: 688.48KB/s > 140KB/s | 数据量: 0.7KB | 总耗时: 1.92s
[2026-06-27 08:28:10] ⚠️ 仅读取 0.2KB 数据: http://lianshui-tv-hls.cm.jstv.com/lianshui-tv/lsxw.m3u8?zjiangsd
[2026-06-27 08:28:10] ✅ 测速成功: http://lianshui-tv-hls.cm.jstv.com/lianshui-tv/lsxw.m3u8?zjiangsd
   速度: 160.16KB/s > 140KB/s | 数据量: 0.2KB | 总耗时: 1.01s
[2026-06-27 08:28:12] ⚠️ 仅读取 0.4KB 数据: https://huaiyin-tv-replay.cm.jstv.com/huaiyin-tv/huaiyinf.m3u8
[2026-06-27 08:28:12] ✅ 测速成功: https://huaiyin-tv-replay.cm.jstv.com/huaiyin-tv/huaiyinf.m3u8
   速度: 431.64KB/s > 140KB/s | 数据量: 0.4KB | 总耗时: 2.36s
[2026-06-27 08:28:13] ⚠️ 仅读取 1.1KB 数据: http://hzcm-live.media.hugd.com/1e6b554b9ab74513958c0e1ffe664d22/9acaa7634309494cb29a85eb12136607.m3u8?auth_key=2272900830-9a2389b8bf4e49d580d4ad807423d326-0-ea78a5c7a678c436263582d368f5009e
[2026-06-27 08:28:13] ✅ 测速成功: http://hzcm-live.media.hugd.com/1e6b554b9ab74513958c0e1ffe664d22/9acaa7634309494cb29a85eb12136607.m3u8?auth_key=2272900830-9a2389b8bf4e49d580d4ad807423d326-0-ea78a5c7a678c436263582d368f5009e
   速度: 1119.14KB/s > 140KB/s | 数据量: 1.1KB | 总耗时: 0.75s
[2026-06-27 08:28:14] ⚠️ 仅读取 0.5KB 数据: http://jwplay.hebyun.com.cn/live/LPTV001/1500k/tzwj_video.m3u8
[2026-06-27 08:28:14] ✅ 测速成功: http://jwplay.hebyun.com.cn/live/LPTV001/1500k/tzwj_video.m3u8
   速度: 514.65KB/s > 140KB/s | 数据量: 0.5KB | 总耗时: 1.28s
[2026-06-27 08:28:15] ⚠️ 仅读取 0.1KB 数据: http://traffic.jbh.tjbh.com/live/bhtv10/playlist.m3u8
[2026-06-27 08:28:15] ⚠️ 速度不足: http://traffic.jbh.tjbh.com/live/bhtv10/playlist.m3u8
   速度: 1.91KB/s <= 140KB/s | 数据量: 0.1KB | 总耗时: 0.75s
[2026-06-27 08:28:21] ❌ 测速失败: http://live.yantaitv.cn/live/e50f104a4ffe4a41b2217cbda534146f/d86092e69df94668b33390278b061700-1.m3u8
   错误: HTTPConnectionPool(host='live.yantaitv.cn', port=80): Read timed out. (read timeout=5) | 域名: live.yantaitv.cn:80
[2026-06-27 08:28:22] ⚠️ 仅读取 0.2KB 数据: http://218.84.127.245:1026/hls/main1/playlist.m3u8?zxinjd,
[2026-06-27 08:28:22] ✅ 测速成功: http://218.84.127.245:1026/hls/main1/playlist.m3u8?zxinjd,
   速度: 233.40KB/s > 140KB/s | 数据量: 0.2KB | 总耗时: 0.49s
[2026-06-27 08:28:25] ✅ 测速成功: http://video.epaper.pybtv.cn:8080/live/rtmp_live_demo.flv
   速度: 182.25KB/s > 140KB/s | 数据量: 104.0KB | 总耗时: 3.49s
[2026-06-27 08:28:28] ⚠️ 仅读取 0.9KB 数据: https://live.264788.xyz/channel/fujianxiangcungonggong?streamid=2987cc24bada6a8c25589409a6452d9e&livekey=01WgOR41rriMmMkzNsd0UoaxJRwetZdxIvtVk
[2026-06-27 08:28:28] ✅ 测速成功: https://live.264788.xyz/channel/fujianxiangcungonggong?streamid=2987cc24bada6a8c25589409a6452d9e&livekey=01WgOR41rriMmMkzNsd0UoaxJRwetZdxIvtVk
   速度: 917.97KB/s > 140KB/s | 数据量: 0.9KB | 总耗时: 2.47s
[2026-06-27 08:28:28] ⚠️ 仅读取 0.7KB 数据: http://live.shaoxing.com.cn/video/s10001-sxtv2/index.m3u8
[2026-06-27 08:28:28] ✅ 测速成功: http://live.shaoxing.com.cn/video/s10001-sxtv2/index.m3u8
   速度: 681.64KB/s > 140KB/s | 数据量: 0.7KB | 总耗时: 0.69s
[2026-06-27 08:28:29] ⚠️ 仅读取 0.3KB 数据: https://live-auth.51kandianshi.com/szgd/csztv3.m3u8
[2026-06-27 08:28:29] ✅ 测速成功: https://live-auth.51kandianshi.com/szgd/csztv3.m3u8
   速度: 286.13KB/s > 140KB/s | 数据量: 0.3KB | 总耗时: 1.03s
[2026-06-27 08:28:30] ⚠️ 仅读取 0.4KB 数据: http://stream.jmtv.com.cn/xwzh/sd/live.m3u8
[2026-06-27 08:28:30] ✅ 测速成功: http://stream.jmtv.com.cn/xwzh/sd/live.m3u8
   速度: 356.45KB/s > 140KB/s | 数据量: 0.4KB | 总耗时: 1.01s
[2026-06-27 08:28:31] ⚠️ 仅读取 0.1KB 数据: https://stream.jmtv.com.cn/xwzh/playlist.m3u8?_upt=3e28e7271664278691
[2026-06-27 08:28:31] ⚠️ 速度不足: https://stream.jmtv.com.cn/xwzh/playlist.m3u8?_upt=3e28e7271664278691
   速度: 68.36KB/s <= 140KB/s | 数据量: 0.1KB | 总耗时: 0.92s
[2026-06-27 08:28:32] ⚠️ 仅读取 0.3KB 数据: https://file.ysxtv.cn/nmip-media/channellive/channel101492/playlist.m3u8
[2026-06-27 08:28:32] ✅ 测速成功: https://file.ysxtv.cn/nmip-media/channellive/channel101492/playlist.m3u8
   速度: 271.48KB/s > 140KB/s | 数据量: 0.3KB | 总耗时: 0.91s
[2026-06-27 08:28:34] ⚠️ 仅读取 0.3KB 数据: https://m3u8channel-yj.yunxya.com/nmip-media/channellive/channel101140/playlist.m3u8
[2026-06-27 08:28:34] ✅ 测速成功: https://m3u8channel-yj.yunxya.com/nmip-media/channellive/channel101140/playlist.m3u8
   速度: 271.48KB/s > 140KB/s | 数据量: 0.3KB | 总耗时: 1.79s
[2026-06-27 08:28:35] ⚠️ 仅读取 0.4KB 数据: https://liveplay-srs.voc.com.cn/hls/tv/183_554704.m3u8
[2026-06-27 08:28:35] ✅ 测速成功: https://liveplay-srs.voc.com.cn/hls/tv/183_554704.m3u8
   速度: 412.11KB/s > 140KB/s | 数据量: 0.4KB | 总耗时: 1.16s
[2026-06-27 08:28:36] ⚠️ 仅读取 0.3KB 数据: https://pili-live-hls-sjxgz2024.sobeylive.com/jxgz2024/396_q_live172526334096251.m3u8
[2026-06-27 08:28:36] ✅ 测速成功: https://pili-live-hls-sjxgz2024.sobeylive.com/jxgz2024/396_q_live172526334096251.m3u8
   速度: 275.39KB/s > 140KB/s | 数据量: 0.3KB | 总耗时: 0.86s
[2026-06-27 08:28:37] ⚠️ 仅读取 0.4KB 数据: http://zjtv-wshls.homecdn.com/live/2aa16.m3u8
[2026-06-27 08:28:37] ✅ 测速成功: http://zjtv-wshls.homecdn.com/live/2aa16.m3u8
   速度: 432.62KB/s > 140KB/s | 数据量: 0.4KB | 总耗时: 1.22s
[2026-06-27 08:28:39] ⚠️ 仅读取 0.4KB 数据: http://cm-wshls.homecdn.com/live/2aa50.m3u8
[2026-06-27 08:28:39] ⚠️ 速度不足: http://cm-wshls.homecdn.com/live/2aa50.m3u8
   速度: 1.97KB/s <= 140KB/s | 数据量: 0.4KB | 总耗时: 1.20s
[2026-06-27 08:28:40] ⚠️ 仅读取 2.1KB 数据: https://www.wxhcgbds.com:8081/channelTv/WXTV_1.m3u8?zshanxd
[2026-06-27 08:28:40] ✅ 测速成功: https://www.wxhcgbds.com:8081/channelTv/WXTV_1.m3u8?zshanxd
   速度: 2119.14KB/s > 140KB/s | 数据量: 2.1KB | 总耗时: 1.34s
[2026-06-27 08:28:43] ⚠️ 仅读取 0.4KB 数据: https://play.yunxya.com/channellive/xinwen.m3u8
[2026-06-27 08:28:43] ✅ 测速成功: https://play.yunxya.com/channellive/xinwen.m3u8
   速度: 363.28KB/s > 140KB/s | 数据量: 0.4KB | 总耗时: 2.99s
[2026-06-27 08:28:44] ⚠️ 仅读取 0.3KB 数据: http://qcfile.qcrmt.com/nmip-media/channellive/channel100933/playlist.m3u8
[2026-06-27 08:28:44] ✅ 测速成功: http://qcfile.qcrmt.com/nmip-media/channellive/channel100933/playlist.m3u8
   速度: 265.62KB/s > 140KB/s | 数据量: 0.3KB | 总耗时: 1.50s
[2026-06-27 08:28:46] ⚠️ 仅读取 0.4KB 数据: http://hslive.hsnewsnet.com/lsdream/iY92ady/1000/live.m3u8?zanhd
[2026-06-27 08:28:46] ✅ 测速成功: http://hslive.hsnewsnet.com/lsdream/iY92ady/1000/live.m3u8?zanhd
   速度: 362.30KB/s > 140KB/s | 数据量: 0.4KB | 总耗时: 1.45s
[2026-06-27 08:28:47] ⚠️ 仅读取 0.4KB 数据: https://english-livetx.cgtn.com/hls/yypdjlctzb_hd.m3u8
[2026-06-27 08:28:47] ✅ 测速成功: https://english-livetx.cgtn.com/hls/yypdjlctzb_hd.m3u8
   速度: 402.34KB/s > 140KB/s | 数据量: 0.4KB | 总耗时: 0.79s
[2026-06-27 08:28:48] ⚠️ 仅读取 7.6KB 数据: http://newcntv.qcloudcdn.com/asp/hls/4000/0303000a/3/default/2bdfdad540b342f592f9817cb7f3b79a/4000.m3u8
[2026-06-27 08:28:48] ✅ 测速成功: http://newcntv.qcloudcdn.com/asp/hls/4000/0303000a/3/default/2bdfdad540b342f592f9817cb7f3b79a/4000.m3u8
   速度: 7620.12KB/s > 140KB/s | 数据量: 7.6KB | 总耗时: 1.31s
[2026-06-27 08:28:50] ⚠️ 仅读取 0.3KB 数据: https://liveout.btzx.com.cn/62ds9e/6o77s4.m3u8?zxinjd
[2026-06-27 08:28:50] ✅ 测速成功: https://liveout.btzx.com.cn/62ds9e/6o77s4.m3u8?zxinjd
   速度: 265.62KB/s > 140KB/s | 数据量: 0.3KB | 总耗时: 2.04s
[2026-06-27 08:28:50] ⚠️ 仅读取 0.4KB 数据: http://222.179.155.21:1935/ch1.m3u8?zzhongqd
[2026-06-27 08:28:50] ✅ 测速成功: http://222.179.155.21:1935/ch1.m3u8?zzhongqd
   速度: 404.30KB/s > 140KB/s | 数据量: 0.4KB | 总耗时: 0.42s
[2026-06-27 08:28:51] ⚠️ 仅读取 5.4KB 数据: https://hls.cntv.lxdns.com/asp/hls/2000/0303000a/3/default/f0a47e155d32450daa1d36a04fd7d262/2000.m3u8
[2026-06-27 08:28:51] ✅ 测速成功: https://hls.cntv.lxdns.com/asp/hls/2000/0303000a/3/default/f0a47e155d32450daa1d36a04fd7d262/2000.m3u8
   速度: 5388.67KB/s > 140KB/s | 数据量: 5.4KB | 总耗时: 0.83s
[2026-06-27 08:28:52] ⚠️ 仅读取 5.7KB 数据: https://newcntv.qcloudcdn.com/asp/hls/2000/0303000a/3/default/d2454bbb542d4613a9db478dab2addfd/2000.m3u8
[2026-06-27 08:28:52] ✅ 测速成功: https://newcntv.qcloudcdn.com/asp/hls/2000/0303000a/3/default/d2454bbb542d4613a9db478dab2addfd/2000.m3u8
   速度: 5678.71KB/s > 140KB/s | 数据量: 5.7KB | 总耗时: 1.04s
[2026-06-27 08:28:54] ⚠️ 仅读取 0.4KB 数据: https://www.goodiptv.club/douyu/5907076
[2026-06-27 08:28:54] ⚠️ 速度不足: https://www.goodiptv.club/douyu/5907076
   速度: 16.67KB/s <= 140KB/s | 数据量: 0.4KB | 总耗时: 2.19s
[2026-06-27 08:28:55] ⚠️ 仅读取 0.7KB 数据: https://AMChls.wns.live/hls/stream.m3u8
[2026-06-27 08:28:55] ✅ 测速成功: https://AMChls.wns.live/hls/stream.m3u8
   速度: 701.17KB/s > 140KB/s | 数据量: 0.7KB | 总耗时: 0.47s
[2026-06-27 08:28:55] ⚠️ 仅读取 0.3KB 数据: http://61.221.215.25:8800/hls/49/index.m3u8
[2026-06-27 08:28:55] ✅ 测速成功: http://61.221.215.25:8800/hls/49/index.m3u8
   速度: 252.93KB/s > 140KB/s | 数据量: 0.3KB | 总耗时: 0.29s
[2026-06-27 08:28:56] ✅ 测速成功: https://alimov2.a.kwimgs.com/upic/2023/01/13/22/BMjAyMzAxMTMyMjEwMDNfNDAzMDAxOTlfOTM1MTIzMzYwODJfMF8z_b_B647d10e431b4cc5e48e6c77347d69021.mp4
   速度: 12951.15KB/s > 140KB/s | 数据量: 104.0KB | 总耗时: 0.42s
[2026-06-27 08:28:57] ✅ 测速成功: https://p2.bdstatic.com/rtmp.liveshow.lss-user.baidubce.com/live/stream_bduid_6488563992_8982723413/merged_1707497046297_88536_25144_41936.m3u8
   速度: 226.39KB/s > 140KB/s | 数据量: 103.6KB | 总耗时: 1.83s
[2026-06-27 08:28:59] ⚠️ 仅读取 0.4KB 数据: https://svip.high24-playback.com/20250129/17159_7bca93c4/2000k/hls/mixed.m3u8
[2026-06-27 08:28:59] ✅ 测速成功: https://svip.high24-playback.com/20250129/17159_7bca93c4/2000k/hls/mixed.m3u8
   速度: 398.44KB/s > 140KB/s | 数据量: 0.4KB | 总耗时: 1.63s
[2026-06-27 08:29:01] ⚠️ 仅读取 0.3KB 数据: https://gcalic.v.myalicdn.com/gc/ztd_1/index.m3u8
[2026-06-27 08:29:01] ✅ 测速成功: https://gcalic.v.myalicdn.com/gc/ztd_1/index.m3u8
   速度: 304.69KB/s > 140KB/s | 数据量: 0.3KB | 总耗时: 2.14s
[2026-06-27 08:29:02] ⚠️ 仅读取 0.1KB 数据: http://gctxyc.liveplay.myqcloud.com/gc/xjtcdhsz_1/index.m3u8
[2026-06-27 08:29:02] ⚠️ 速度不足: http://gctxyc.liveplay.myqcloud.com/gc/xjtcdhsz_1/index.m3u8
   速度: 99.61KB/s <= 140KB/s | 数据量: 0.1KB | 总耗时: 0.97s
[2026-06-27 08:29:11] ❌ 测速失败: https://my9.ltd/momo-480.mp4
   错误: HTTPSConnectionPool(host='49.233.148.239', port=443): Read timed out. | 域名: my9.ltd:443
[2026-06-27 08:29:11] ⚠️ 仅读取 0.1KB 数据: https://gctxyc.liveplay.myqcloud.com/gc/dlst03_1/index.m3u8
[2026-06-27 08:29:11] ⚠️ 速度不足: https://gctxyc.liveplay.myqcloud.com/gc/dlst03_1/index.m3u8
   速度: 97.66KB/s <= 140KB/s | 数据量: 0.1KB | 总耗时: 0.67s
[2026-06-27 08:29:12] ✅ 测速成功: http://222.95.12.2:4022/rtp/239.49.0.109:8000
   速度: 162.86KB/s > 140KB/s | 数据量: 104.0KB | 总耗时: 1.04s
[2026-06-27 08:29:13] ✅ 测速成功: http://114.254.185.98:8099/rtp/239.3.1.60:8084
   速度: 175.47KB/s > 140KB/s | 数据量: 104.0KB | 总耗时: 0.99s
[2026-06-27 08:29:14] ✅ 测速成功: http://183.222.15.202:4321/rtp/239.11.0.65:5140
   速度: 188.39KB/s > 140KB/s | 数据量: 104.0KB | 总耗时: 0.92s
[2026-06-27 08:29:16] ⚠️ 仅读取 0.3KB 数据: https://v4-e6b1c5baf4e240fe63adbf68dda23435.livehwc4.com/play.kankanlive.com/live/1698423397390920.m3u8?sub_m3u8=true&edge_slice=true&user_session_id=88af38dbbc60ffe066d5a7b2a89921c8
[2026-06-27 08:29:16] ✅ 测速成功: https://v4-e6b1c5baf4e240fe63adbf68dda23435.livehwc4.com/play.kankanlive.com/live/1698423397390920.m3u8?sub_m3u8=true&edge_slice=true&user_session_id=88af38dbbc60ffe066d5a7b2a89921c8
   速度: 318.36KB/s > 140KB/s | 数据量: 0.3KB | 总耗时: 1.61s
[2026-06-27 08:29:18] ⚠️ 仅读取 0.4KB 数据: https://piccpndks.v.kcdnvip.com/audio/cctv16_2/index.m3u8
[2026-06-27 08:29:18] ✅ 测速成功: https://piccpndks.v.kcdnvip.com/audio/cctv16_2/index.m3u8
   速度: 368.16KB/s > 140KB/s | 数据量: 0.4KB | 总耗时: 2.37s
[2026-06-27 08:29:19] ⚠️ 仅读取 0.9KB 数据: http://120.76.248.139/live/bfgd/4200000488.m3u8
[2026-06-27 08:29:19] ✅ 测速成功: http://120.76.248.139/live/bfgd/4200000488.m3u8
   速度: 858.40KB/s > 140KB/s | 数据量: 0.9KB | 总耗时: 0.39s
[2026-06-27 08:29:19] ⚠️ 仅读取 0.3KB 数据: http://php.jdshipin.com/TVOD/iptv.php?id=fhzw
[2026-06-27 08:29:19] ✅ 测速成功: http://php.jdshipin.com/TVOD/iptv.php?id=fhzw
   速度: 294.92KB/s > 140KB/s | 数据量: 0.3KB | 总耗时: 0.13s
[2026-06-27 08:29:20] ⚠️ 仅读取 0.3KB 数据: http://8.138.7.223/tv/jsws4k.php
[2026-06-27 08:29:20] ✅ 测速成功: http://8.138.7.223/tv/jsws4k.php
   速度: 294.92KB/s > 140KB/s | 数据量: 0.3KB | 总耗时: 1.48s
[2026-06-27 08:29:20] ⚠️ 仅读取 0.3KB 数据: http://php.jdshipin.com:8880/TVOD/iptv.php?id=as
[2026-06-27 08:29:20] ✅ 测速成功: http://php.jdshipin.com:8880/TVOD/iptv.php?id=as
   速度: 283.20KB/s > 140KB/s | 数据量: 0.3KB | 总耗时: 0.19s
[2026-06-27 08:29:21] ⚠️ 仅读取 0.1KB 数据: https://raw.githubusercontent.com/ChiSheng9/iptv/master/TV03.m3u8
[2026-06-27 08:29:21] ⚠️ 速度不足: https://raw.githubusercontent.com/ChiSheng9/iptv/master/TV03.m3u8
   速度: 62.50KB/s <= 140KB/s | 数据量: 0.1KB | 总耗时: 0.17s
[2026-06-27 08:29:22] ⚠️ 仅读取 0.2KB 数据: https://v3.mediacast.hk/webcast/bshdlive-pc/chunklist_w99771165.m3u8
[2026-06-27 08:29:22] ✅ 测速成功: https://v3.mediacast.hk/webcast/bshdlive-pc/chunklist_w99771165.m3u8
   速度: 208.01KB/s > 140KB/s | 数据量: 0.2KB | 总耗时: 1.11s
[2026-06-27 08:29:22] ⚠️ 仅读取 0.3KB 数据: http://pili-live-hls.ybcxjd.com/jdh-live/2108111201035597.m3u8?zsicd
[2026-06-27 08:29:22] ✅ 测速成功: http://pili-live-hls.ybcxjd.com/jdh-live/2108111201035597.m3u8?zsicd
   速度: 259.77KB/s > 140KB/s | 数据量: 0.3KB | 总耗时: 0.62s
[2026-06-27 08:29:24] ⚠️ 仅读取 0.3KB 数据: http://1.94.31.214/php/hntv.php?id=hnxc
[2026-06-27 08:29:24] ✅ 测速成功: http://1.94.31.214/php/hntv.php?id=hnxc
   速度: 347.66KB/s > 140KB/s | 数据量: 0.3KB | 总耗时: 1.73s
[2026-06-27 08:29:25] ⚠️ 仅读取 0.9KB 数据: http://lmt.scqstv.com:80/live1/live1.m3u8
[2026-06-27 08:29:25] ✅ 测速成功: http://lmt.scqstv.com:80/live1/live1.m3u8
   速度: 892.58KB/s > 140KB/s | 数据量: 0.9KB | 总耗时: 0.71s
[2026-06-27 08:29:26] ⚠️ 仅读取 0.8KB 数据: http://www.dalitv.com.tw:4568/live/dali/index.m3u8
[2026-06-27 08:29:26] ✅ 测速成功: http://www.dalitv.com.tw:4568/live/dali/index.m3u8
   速度: 838.87KB/s > 140KB/s | 数据量: 0.8KB | 总耗时: 1.01s
[2026-06-27 08:29:28] ✅ 测速成功: https://rt-glb.rttv.com/dvr/rtnews/playlist_4500Kb.m3u8
   速度: 18558.08KB/s > 140KB/s | 数据量: 104.0KB | 总耗时: 1.96s
[2026-06-27 08:29:29] ⚠️ 仅读取 0.4KB 数据: http://tmpstream.hyrtv.cn/hygg/sd/live.m3u8
[2026-06-27 08:29:29] ✅ 测速成功: http://tmpstream.hyrtv.cn/hygg/sd/live.m3u8
   速度: 354.49KB/s > 140KB/s | 数据量: 0.4KB | 总耗时: 1.06s
[2026-06-27 08:29:29] ⚠️ 仅读取 0.3KB 数据: http://r.jdshipin.com/cCCzW
[2026-06-27 08:29:29] ✅ 测速成功: http://r.jdshipin.com/cCCzW
   速度: 294.92KB/s > 140KB/s | 数据量: 0.3KB | 总耗时: 0.27s
[2026-06-27 08:29:30] ✅ 测速成功: http://cdn.jdshipin.com:8880/huya.php?id=11342424
   速度: 4447.06KB/s > 140KB/s | 数据量: 104.0KB | 总耗时: 1.25s
[2026-06-27 08:29:32] ✅ 测速成功: http://live.wanyuannews.com/wytv/hd/live.m3u8?zsicd
   速度: 61179.19KB/s > 140KB/s | 数据量: 104.0KB | 总耗时: 1.54s
[2026-06-27 08:29:32] ⚠️ 仅读取 2.8KB 数据: http://cdn.163189.xyz/live/hoy/stream.m3u8
[2026-06-27 08:29:32] ✅ 测速成功: http://cdn.163189.xyz/live/hoy/stream.m3u8
   速度: 2836.91KB/s > 140KB/s | 数据量: 2.8KB | 总耗时: 0.50s
[2026-06-27 08:29:38] ❌ 测速失败: http://cdn9.163189.xyz/smt1.1.php?id=pearl_twn
   错误: HTTPConnectionPool(host='cdn9.163189.xyz', port=80): Read timed out. (read timeout=5) | 域名: cdn9.163189.xyz:80
[2026-06-27 08:29:38] ⚠️ 仅读取 73.9KB 数据: https://rt-doc.rttv.com/dvr/rtdru/rtdru1080.m3u8
[2026-06-27 08:29:38] ✅ 测速成功: https://rt-doc.rttv.com/dvr/rtdru/rtdru1080.m3u8
   速度: 13565.32KB/s > 140KB/s | 数据量: 73.9KB | 总耗时: 0.89s
[2026-06-27 08:29:40] ✅ 测速成功: https://rt-rtd.rttv.com/dvr/rtdoc/playlist_4500Kb.m3u8
   速度: 15054.62KB/s > 140KB/s | 数据量: 104.0KB | 总耗时: 1.31s
[2026-06-27 08:29:40] ⚠️ 仅读取 2.2KB 数据: https://d4ybyqrhce41r.cloudfront.net/v1/master/3fec3e5cac39a52b2132f9c66c83dae043dc17d4/prod-xumo-linear-nbcu-hlsv3/master.m3u8?ads.channelId=99991626
[2026-06-27 08:29:40] ✅ 测速成功: https://d4ybyqrhce41r.cloudfront.net/v1/master/3fec3e5cac39a52b2132f9c66c83dae043dc17d4/prod-xumo-linear-nbcu-hlsv3/master.m3u8?ads.channelId=99991626
   速度: 2154.30KB/s > 140KB/s | 数据量: 2.2KB | 总耗时: 0.26s
[2026-06-27 08:29:40] ⚠️ 仅读取 0.3KB 数据: https://amdlive-ch01-ctnd-com.akamaized.net/arirang_1ch/smil:arirang_1ch.smil/chunklist_b3256000_sleng.m3u8
[2026-06-27 08:29:40] ✅ 测速成功: https://amdlive-ch01-ctnd-com.akamaized.net/arirang_1ch/smil:arirang_1ch.smil/chunklist_b3256000_sleng.m3u8
   速度: 271.48KB/s > 140KB/s | 数据量: 0.3KB | 总耗时: 0.21s
[2026-06-27 08:29:40] ⚠️ 仅读取 1.8KB 数据: https://dbrb49pjoymg4.cloudfront.net/v1/master/3fec3e5cac39a52b2132f9c66c83dae043dc17d4/prod_default_xumo-ams-aws/master.m3u8?ads.xumo_channelId=99991276
[2026-06-27 08:29:40] ✅ 测速成功: https://dbrb49pjoymg4.cloudfront.net/v1/master/3fec3e5cac39a52b2132f9c66c83dae043dc17d4/prod_default_xumo-ams-aws/master.m3u8?ads.xumo_channelId=99991276
   速度: 1806.64KB/s > 140KB/s | 数据量: 1.8KB | 总耗时: 0.14s
[2026-06-27 08:29:41] ⚠️ 仅读取 0.5KB 数据: https://d2e1asnsl7br7b.cloudfront.net/7782e205e72f43aeb4a48ec97f66ebbe/index_5.m3u8
[2026-06-27 08:29:41] ✅ 测速成功: https://d2e1asnsl7br7b.cloudfront.net/7782e205e72f43aeb4a48ec97f66ebbe/index_5.m3u8
   速度: 546.88KB/s > 140KB/s | 数据量: 0.5KB | 总耗时: 0.22s
[2026-06-27 08:29:42] ⚠️ 仅读取 8.4KB 数据: https://ythls.armelin.one/channel/UCiWRSesvSYmY7YOyz0tv_zQ.m3u8
[2026-06-27 08:29:42] ✅ 测速成功: https://ythls.armelin.one/channel/UCiWRSesvSYmY7YOyz0tv_zQ.m3u8
   速度: 8391.60KB/s > 140KB/s | 数据量: 8.4KB | 总耗时: 0.93s
[2026-06-27 08:29:42] ⚠️ 仅读取 0.5KB 数据: https://live.streamingfast.net/osmflivech1.m3u8
[2026-06-27 08:29:42] ✅ 测速成功: https://live.streamingfast.net/osmflivech1.m3u8
   速度: 548.83KB/s > 140KB/s | 数据量: 0.5KB | 总耗时: 0.67s
[2026-06-27 08:29:43] ⚠️ 仅读取 0.8KB 数据: http://nmxlive.akamaized.net/hls/live/529965/Live_1/index.m3u8
[2026-06-27 08:29:43] ✅ 测速成功: http://nmxlive.akamaized.net/hls/live/529965/Live_1/index.m3u8
   速度: 802.73KB/s > 140KB/s | 数据量: 0.8KB | 总耗时: 0.34s
[2026-06-27 08:29:43] ⚠️ 仅读取 3.4KB 数据: https://cdn-apse1-prod.tsv2.amagi.tv/linear/amg01076-lightningintern-petclub-samsungnz/playlist.m3u8
[2026-06-27 08:29:43] ✅ 测速成功: https://cdn-apse1-prod.tsv2.amagi.tv/linear/amg01076-lightningintern-petclub-samsungnz/playlist.m3u8
   速度: 3359.38KB/s > 140KB/s | 数据量: 3.4KB | 总耗时: 0.78s
[2026-06-27 08:29:45] ✅ 测速成功: https://rt-arb.rttv.com/dvr/rtarab/playlist_4500Kb.m3u8
   速度: 18589.71KB/s > 140KB/s | 数据量: 104.0KB | 总耗时: 1.37s
[2026-06-27 08:29:46] ✅ 测速成功: https://rt-srb.rttv.com/dvr/rtbalkan/playlist_4500Kb.m3u8
   速度: 19575.80KB/s > 140KB/s | 数据量: 104.0KB | 总耗时: 1.55s
[2026-06-27 08:29:47] ✅ 测速成功: https://rt-ger.rttv.com/dvr/rtdeutsch/playlist_4500Kb.m3u8
   速度: 19627.77KB/s > 140KB/s | 数据量: 104.0KB | 总耗时: 0.65s
[2026-06-27 08:29:49] ✅ 测速成功: https://rt-esp.rttv.com/dvr/rtesp/playlist_4500Kb.m3u8
   速度: 104000.00KB/s > 140KB/s | 数据量: 104.0KB | 总耗时: 1.95s
[2026-06-27 08:29:50] ✅ 测速成功: https://rt-fra.rttv.com/dvr/rtfrance/playlist_4500Kb.m3u8
   速度: 18532.06KB/s > 140KB/s | 数据量: 104.0KB | 总耗时: 1.08s
[2026-06-27 08:29:50] ⚠️ 仅读取 0.1KB 数据: https://lbs-us1.suprememastertv.com/720p.m3u8
[2026-06-27 08:29:50] ⚠️ 速度不足: https://lbs-us1.suprememastertv.com/720p.m3u8
   速度: 137.70KB/s <= 140KB/s | 数据量: 0.1KB | 总耗时: 0.06s
[2026-06-27 08:29:50] ⚠️ 仅读取 0.5KB 数据: https://lightning-tracesport-samsungau.amagi.tv/playlist1080p.m3u8
[2026-06-27 08:29:50] ✅ 测速成功: https://lightning-tracesport-samsungau.amagi.tv/playlist1080p.m3u8
   速度: 536.13KB/s > 140KB/s | 数据量: 0.5KB | 总耗时: 0.47s
[2026-06-27 08:29:51] ⚠️ 仅读取 0.5KB 数据: https://wildearth-plex.amagi.tv/masterR1080p.m3u8
[2026-06-27 08:29:51] ✅ 测速成功: https://wildearth-plex.amagi.tv/masterR1080p.m3u8
   速度: 526.37KB/s > 140KB/s | 数据量: 0.5KB | 总耗时: 0.32s
[2026-06-27 08:29:52] ⚠️ 仅读取 0.9KB 数据: https://d7x8z4yuq42qn.cloudfront.net/index_7.m3u8
[2026-06-27 08:29:52] ✅ 测速成功: https://d7x8z4yuq42qn.cloudfront.net/index_7.m3u8
   速度: 944.34KB/s > 140KB/s | 数据量: 0.9KB | 总耗时: 0.76s
[2026-06-27 08:29:53] ⚠️ 仅读取 0.0KB 数据: https://goodiptv.club/douyu/5908256
[2026-06-27 08:29:53] ⚠️ 速度不足: https://goodiptv.club/douyu/5908256
   速度: 0.00KB/s <= 140KB/s | 数据量: 0.0KB | 总耗时: 1.69s
[2026-06-27 08:29:54] ✅ 测速成功: https://res.cctvnews.cctv.com/video/3005/record/cctv/merge1/133396667284143308839013005/8fbd6180bdef4da19f6155cf6b4652e1-4.m3u8
   速度: 1361.23KB/s > 140KB/s | 数据量: 104.0KB | 总耗时: 0.43s
[2026-06-27 08:29:54] ⚠️ 仅读取 0.3KB 数据: http://utv1.hqtvzb.com:9999/hls/world.m3u8
[2026-06-27 08:29:54] ✅ 测速成功: http://utv1.hqtvzb.com:9999/hls/world.m3u8
   速度: 250.98KB/s > 140KB/s | 数据量: 0.3KB | 总耗时: 0.79s
[2026-06-27 08:29:55] ⚠️ 仅读取 0.3KB 数据: http://ottproxy2.ist.ooo/livehls/MOB-U1-NO/03.m3u8
[2026-06-27 08:29:55] ✅ 测速成功: http://ottproxy2.ist.ooo/livehls/MOB-U1-NO/03.m3u8
   速度: 328.12KB/s > 140KB/s | 数据量: 0.3KB | 总耗时: 0.81s
